11/08/2020 02:02:33 PM : __main__ : PROGRAM STARTED
11/08/2020 02:02:33 PM : __main__ : Getting URL list
11/08/2020 02:02:55 PM : __main__ : PROGRAM STARTED
11/08/2020 02:02:55 PM : __main__ : Getting URL list
11/08/2020 02:03:22 PM : __main__ : Elapsed time: 0.46 minutes for function: ''get_url_list''
11/08/2020 02:03:22 PM : __main__ : URLs retrieved: 528
11/08/2020 02:03:22 PM : __main__ : Getting apartment data from url_list
11/08/2020 02:06:56 PM : __main__ : URL 500 of 528
11/08/2020 02:07:08 PM : __main__ : Elapsed time: 3.76 minutes for function: ''get_all_apartments''
11/08/2020 02:07:08 PM : __main__ : Apartments retrieved: 0
11/08/2020 02:07:08 PM : __main__ : Creating DataFrame from apartment list
11/08/2020 02:07:08 PM : __main__ : Formatting Dataframe
11/08/2020 02:07:08 PM : __main__ : Converting Dataframe
11/08/2020 02:07:08 PM : __main__ : Saving scraped data to csv
11/08/2020 02:07:08 PM : __main__ : PROGRAM FINISHED
11/08/2020 02:07:08 PM : __main__ : Elapsed time: 4.23 minutes for function: ''main''
11/08/2020 02:52:46 PM : __main__ : Elapsed time: 0.44 minutes for function: ''get_url_list''
11/08/2020 02:52:46 PM : __main__ : Elapsed time: 0.44 minutes for function: ''get_url_list''
11/08/2020 02:56:13 PM : __main__ : URL 500 of 528
11/08/2020 02:56:13 PM : __main__ : URL 500 of 528
11/08/2020 02:56:26 PM : __main__ : Elapsed time: 3.66 minutes for function: ''get_all_apartments''
11/08/2020 02:56:26 PM : __main__ : Elapsed time: 3.66 minutes for function: ''get_all_apartments''
11/08/2020 02:56:26 PM : __main__ : Elapsed time: 4.1 minutes for function: ''main''
11/08/2020 02:56:26 PM : __main__ : Elapsed time: 4.1 minutes for function: ''main''
